{"/Users/ammu/Desktop/Github WorkSpace/Portfolio/src/App.tsx": {"path":"/Users/ammu/Desktop/Github WorkSpace/Portfolio/src/App.tsx","statementMap":{"0":{"start":{"line":5,"column":22},"end":{"line":30,"column":1}},"1":{"start":{"line":6,"column":28},"end":{"line":6,"column":65}},"2":{"start":{"line":8,"column":22},"end":{"line":10,"column":3}},"3":{"start":{"line":9,"column":4},"end":{"line":9,"column":52}},"4":{"start":{"line":12,"column":23},"end":{"line":14,"column":3}},"5":{"start":{"line":13,"column":4},"end":{"line":13,"column":33}},"6":{"start":{"line":16,"column":2},"end":{"line":29,"column":4}}},"fnMap":{"0":{"name":"(anonymous_0)","decl":{"start":{"line":5,"column":22},"end":{"line":5,"column":23}},"loc":{"start":{"line":5,"column":28},"end":{"line":30,"column":1}},"line":5},"1":{"name":"(anonymous_1)","decl":{"start":{"line":8,"column":22},"end":{"line":8,"column":23}},"loc":{"start":{"line":8,"column":62},"end":{"line":10,"column":3}},"line":8},"2":{"name":"(anonymous_2)","decl":{"start":{"line":12,"column":23},"end":{"line":12,"column":24}},"loc":{"start":{"line":12,"column":29},"end":{"line":14,"column":3}},"line":12}},"branchMap":{"0":{"loc":{"start":{"line":18,"column":7},"end":{"line":27,"column":7}},"type":"cond-expr","locations":[{"start":{"line":19,"column":8},"end":{"line":19,"column":59}},{"start":{"line":21,"column":8},"end":{"line":26,"column":14}}],"line":18}},"s":{"0":0,"1":0,"2":0,"3":0,"4":0,"5":0,"6":0},"f":{"0":0,"1":0,"2":0},"b":{"0":[0,0]}}
,"/Users/ammu/Desktop/Github WorkSpace/Portfolio/src/index.tsx": {"path":"/Users/ammu/Desktop/Github WorkSpace/Portfolio/src/index.tsx","statementMap":{"0":{"start":{"line":7,"column":13},"end":{"line":9,"column":1}},"1":{"start":{"line":12,"column":0},"end":{"line":16,"column":2}}},"fnMap":{},"branchMap":{},"s":{"0":0,"1":0},"f":{},"b":{}}
,"/Users/ammu/Desktop/Github WorkSpace/Portfolio/src/components/Dashboard.tsx": {"path":"/Users/ammu/Desktop/Github WorkSpace/Portfolio/src/components/Dashboard.tsx","statementMap":{"0":{"start":{"line":3,"column":28},"end":{"line":90,"column":1}},"1":{"start":{"line":4,"column":2},"end":{"line":89,"column":4}}},"fnMap":{"0":{"name":"(anonymous_0)","decl":{"start":{"line":3,"column":28},"end":{"line":3,"column":29}},"loc":{"start":{"line":3,"column":34},"end":{"line":90,"column":1}},"line":3}},"branchMap":{},"s":{"0":0,"1":0},"f":{"0":0},"b":{}}
,"/Users/ammu/Desktop/Github WorkSpace/Portfolio/src/components/Footer.tsx": {"path":"/Users/ammu/Desktop/Github WorkSpace/Portfolio/src/components/Footer.tsx","statementMap":{"0":{"start":{"line":5,"column":25},"end":{"line":26,"column":1}},"1":{"start":{"line":6,"column":2},"end":{"line":25,"column":4}}},"fnMap":{"0":{"name":"(anonymous_0)","decl":{"start":{"line":5,"column":25},"end":{"line":5,"column":26}},"loc":{"start":{"line":5,"column":31},"end":{"line":26,"column":1}},"line":5}},"branchMap":{},"s":{"0":1,"1":2},"f":{"0":2},"b":{},"_coverageSchema":"1a1c01bbd47fc00a2c39e90264f33305004495a9","hash":"e87a497b2e54a6694dde32d3a791c388042fa311"}
,"/Users/ammu/Desktop/Github WorkSpace/Portfolio/src/components/Header.tsx": {"path":"/Users/ammu/Desktop/Github WorkSpace/Portfolio/src/components/Header.tsx","statementMap":{"0":{"start":{"line":7,"column":25},"end":{"line":31,"column":1}},"1":{"start":{"line":8,"column":2},"end":{"line":30,"column":4}}},"fnMap":{"0":{"name":"(anonymous_0)","decl":{"start":{"line":7,"column":25},"end":{"line":7,"column":26}},"loc":{"start":{"line":7,"column":31},"end":{"line":31,"column":1}},"line":7}},"branchMap":{},"s":{"0":1,"1":4},"f":{"0":4},"b":{},"_coverageSchema":"1a1c01bbd47fc00a2c39e90264f33305004495a9","hash":"0caa903213cd74f9558c7e37ec26d38a4e649af7"}
,"/Users/ammu/Desktop/Github WorkSpace/Portfolio/src/components/Login.tsx": {"path":"/Users/ammu/Desktop/Github WorkSpace/Portfolio/src/components/Login.tsx","statementMap":{"0":{"start":{"line":9,"column":36},"end":{"line":67,"column":1}},"1":{"start":{"line":10,"column":34},"end":{"line":10,"column":46}},"2":{"start":{"line":11,"column":34},"end":{"line":11,"column":46}},"3":{"start":{"line":13,"column":23},"end":{"line":16,"column":3}},"4":{"start":{"line":14,"column":4},"end":{"line":14,"column":27}},"5":{"start":{"line":15,"column":4},"end":{"line":15,"column":32}},"6":{"start":{"line":18,"column":2},"end":{"line":66,"column":4}},"7":{"start":{"line":39,"column":27},"end":{"line":39,"column":54}},"8":{"start":{"line":48,"column":27},"end":{"line":48,"column":54}}},"fnMap":{"0":{"name":"(anonymous_0)","decl":{"start":{"line":9,"column":36},"end":{"line":9,"column":37}},"loc":{"start":{"line":9,"column":60},"end":{"line":67,"column":1}},"line":9},"1":{"name":"(anonymous_1)","decl":{"start":{"line":13,"column":23},"end":{"line":13,"column":24}},"loc":{"start":{"line":13,"column":51},"end":{"line":16,"column":3}},"line":13},"2":{"name":"(anonymous_2)","decl":{"start":{"line":39,"column":20},"end":{"line":39,"column":21}},"loc":{"start":{"line":39,"column":27},"end":{"line":39,"column":54}},"line":39},"3":{"name":"(anonymous_3)","decl":{"start":{"line":48,"column":20},"end":{"line":48,"column":21}},"loc":{"start":{"line":48,"column":27},"end":{"line":48,"column":54}},"line":48}},"branchMap":{"0":{"loc":{"start":{"line":59,"column":9},"end":{"line":63,"column":9}},"type":"binary-expr","locations":[{"start":{"line":59,"column":9},"end":{"line":59,"column":14}},{"start":{"line":60,"column":10},"end":{"line":62,"column":23}}],"line":59}},"s":{"0":1,"1":6,"2":6,"3":6,"4":1,"5":1,"6":6,"7":1,"8":1},"f":{"0":6,"1":1,"2":1,"3":1},"b":{"0":[6,1]},"_coverageSchema":"1a1c01bbd47fc00a2c39e90264f33305004495a9","hash":"96afbbc25b213a180c8ccc14c598823517f55cb6"}
,"/Users/ammu/Desktop/Github WorkSpace/Portfolio/src/components/index.tsx": {"path":"/Users/ammu/Desktop/Github WorkSpace/Portfolio/src/components/index.tsx","statementMap":{},"fnMap":{},"branchMap":{},"s":{},"f":{},"b":{}}
,"/Users/ammu/Desktop/Github WorkSpace/Portfolio/src/reducers/authReducer.tsx": {"path":"/Users/ammu/Desktop/Github WorkSpace/Portfolio/src/reducers/authReducer.tsx","statementMap":{"0":{"start":{"line":11,"column":32},"end":{"line":14,"column":1}},"1":{"start":{"line":16,"column":20},"end":{"line":31,"column":1}},"2":{"start":{"line":17,"column":2},"end":{"line":30,"column":3}},"3":{"start":{"line":19,"column":6},"end":{"line":23,"column":7}},"4":{"start":{"line":20,"column":8},"end":{"line":20,"column":57}},"5":{"start":{"line":22,"column":8},"end":{"line":22,"column":68}},"6":{"start":{"line":25,"column":6},"end":{"line":25,"column":56}},"7":{"start":{"line":27,"column":6},"end":{"line":27,"column":47}},"8":{"start":{"line":29,"column":6},"end":{"line":29,"column":19}}},"fnMap":{"0":{"name":"(anonymous_0)","decl":{"start":{"line":16,"column":20},"end":{"line":16,"column":21}},"loc":{"start":{"line":16,"column":73},"end":{"line":31,"column":1}},"line":16}},"branchMap":{"0":{"loc":{"start":{"line":17,"column":2},"end":{"line":30,"column":3}},"type":"switch","locations":[{"start":{"line":18,"column":4},"end":{"line":23,"column":7}},{"start":{"line":24,"column":4},"end":{"line":25,"column":56}},{"start":{"line":26,"column":4},"end":{"line":27,"column":47}},{"start":{"line":28,"column":4},"end":{"line":29,"column":19}}],"line":17},"1":{"loc":{"start":{"line":19,"column":6},"end":{"line":23,"column":7}},"type":"if","locations":[{"start":{"line":19,"column":6},"end":{"line":23,"column":7}},{"start":{"line":21,"column":13},"end":{"line":23,"column":7}}],"line":19},"2":{"loc":{"start":{"line":19,"column":10},"end":{"line":19,"column":71}},"type":"binary-expr","locations":[{"start":{"line":19,"column":10},"end":{"line":19,"column":37}},{"start":{"line":19,"column":41},"end":{"line":19,"column":71}}],"line":19}},"s":{"0":1,"1":1,"2":4,"3":2,"4":1,"5":1,"6":1,"7":1,"8":0},"f":{"0":4},"b":{"0":[2,1,1,0],"1":[1,1],"2":[2,1]},"_coverageSchema":"1a1c01bbd47fc00a2c39e90264f33305004495a9","hash":"2f3df617b19da6db7aa84dab449505f8fbd656bf"}
,"/Users/ammu/Desktop/Github WorkSpace/Portfolio/src/theme/colors.tsx": {"path":"/Users/ammu/Desktop/Github WorkSpace/Portfolio/src/theme/colors.tsx","statementMap":{"0":{"start":{"line":2,"column":22},"end":{"line":12,"column":1}}},"fnMap":{},"branchMap":{},"s":{"0":2},"f":{},"b":{},"_coverageSchema":"1a1c01bbd47fc00a2c39e90264f33305004495a9","hash":"652722321ab31b48f42286731a81209fa231f8e5"}
}
